[Job-Script] Starting with 1 CPUs...
[Job-Script] Compiling...
[Job-Script] Checking input the values...
[Job-Script] Running the process...
First random matrix:
4.604333 11.802325 14.078432 1.858009 
13.303214 0.613046 8.963266 14.071287 
3.249712 7.361618 8.855742 3.925350 
12.747803 9.262195 0.822630 10.344802 

Second random matrix:
10.548892 9.413144 14.036969 6.515667 
6.655223 6.789956 1.795296 1.178776 
10.915636 10.362726 0.267209 11.620346 
10.728651 6.077139 5.465237 0.332984 

RESULT: 
266.578281 231.146080 281.995994 245.154031 
199.104153 212.969438 243.352591 322.466373 
115.569171 190.677245 199.976162 221.180072 
225.374411 255.727692 215.556523 199.651518 

Time elapsed: 0.000045 seconds
