[Job-Script] Starting with 1 CPUs...
[Job-Script] Compiling...
[Job-Script] Checking input the values...
[Job-Script] Running the process...
First random matrix:
5.336176 12.187318 12.709354 3.607256 2.403189 3.999043 0.832778 9.985154 8.490593 1.722675 0.853967 5.316547 0.798937 9.635199 11.291760 14.016649 
12.814565 1.330445 13.397172 0.372729 9.897780 1.849701 8.476215 1.540872 12.538364 7.450255 0.481004 9.040642 8.615180 8.256717 13.147679 13.951357 
5.444035 10.857033 2.558613 7.847224 14.856077 3.391391 2.832377 8.346670 5.114066 3.686344 13.663217 5.913004 13.321543 9.954977 4.929652 11.136108 
11.285422 3.326824 11.508837 6.183202 5.176526 4.985052 7.724074 2.714889 12.435307 8.205079 11.755531 6.050488 1.461796 9.903210 5.001844 6.905831 
5.760243 7.560457 14.753054 5.616320 10.951848 2.585432 13.962990 1.065914 6.271776 12.626207 6.978917 4.593319 7.581184 11.908570 0.729427 3.866607 
0.235394 12.238264 10.049809 5.411920 2.223317 2.773883 8.126809 14.658624 10.978962 4.882340 5.709112 12.440758 14.785550 10.710956 4.346588 5.545793 
3.271413 4.099642 11.162113 14.223260 6.685074 10.125103 0.289174 12.956850 7.751310 7.268092 2.550169 0.332494 4.176661 3.279596 4.199101 4.412055 
0.517861 14.248910 9.823975 2.741177 2.022793 2.950784 2.399801 13.001755 7.833124 8.108913 10.442512 7.618674 3.819869 14.789100 13.164468 7.091281 
3.888743 9.326581 6.314542 10.573817 4.451684 6.603716 8.530667 12.202994 13.871808 11.080836 12.535489 3.048469 14.360432 1.734590 7.460525 14.878293 
0.983500 2.284500 2.619470 3.006293 5.235284 5.019271 1.008047 13.068409 13.128184 11.450560 5.687083 1.948053 11.239660 3.851550 9.039334 0.128403 
13.178131 0.353876 10.702220 2.629815 6.957592 4.232887 14.832809 5.829400 0.313723 12.368298 8.877870 14.674155 14.102888 1.338394 14.552448 0.086387 
3.622894 2.171918 3.092680 8.858178 7.191189 4.100727 6.926587 5.319373 0.551287 12.613670 7.267426 11.790947 1.465220 1.306760 11.919349 14.643351 
1.660637 7.621569 2.273166 8.618229 11.854456 2.105976 14.447630 12.168178 14.474274 8.325499 11.842333 13.577162 9.663893 11.394781 13.663549 13.286787 
13.566699 1.756229 7.144966 5.757888 5.856956 14.071553 11.077261 6.408243 11.685222 3.344687 3.199190 13.150442 4.651448 0.118539 12.793794 6.312085 
7.740108 0.066960 14.930314 4.594564 2.172936 14.377943 1.762742 1.647209 7.703442 13.605075 0.224371 2.367336 9.999855 13.887920 0.654123 8.566554 
0.644149 7.799089 14.324442 6.501106 6.870642 10.401703 12.909349 3.555864 13.746391 1.108539 1.706306 3.397839 1.227078 14.500100 9.709923 8.967186 

Second random matrix:
14.567060 9.640237 13.561749 1.739995 9.018181 0.324491 3.387205 1.721623 13.929566 3.611576 4.088959 8.929421 2.499496 4.743082 2.495975 3.143645 
12.542171 1.820417 9.644751 4.412812 12.222121 7.554100 7.968676 10.968511 8.662638 9.674983 14.366350 9.889716 9.175082 9.076273 3.856902 8.742142 
3.716511 2.418651 10.482137 12.734691 2.743142 13.869342 14.456314 1.672708 2.480918 3.545273 10.602129 4.980414 8.288355 13.098104 8.124059 5.830526 
14.918522 2.768810 10.243338 12.140642 10.322910 3.212014 8.109154 3.985549 12.886997 7.475504 13.875265 7.062079 1.551777 2.732167 0.804221 5.268287 
5.150818 11.286359 3.002979 7.893960 10.155701 2.459293 9.566668 12.636619 6.004566 5.168797 2.617032 14.292922 3.266901 10.741092 5.123448 3.185423 
13.509902 0.366786 0.326065 8.832813 3.578800 8.435219 12.818361 1.465797 0.910722 11.693626 8.527877 2.462499 14.425793 9.332098 7.730787 4.576611 
5.618457 10.733765 12.470570 0.774158 13.193058 7.037238 13.410776 4.197625 12.206035 1.027808 3.490546 0.472935 11.768900 8.613994 3.658358 10.278802 
8.980780 3.984423 4.111615 12.559580 12.419642 1.929976 14.025377 13.330364 13.623603 7.553254 0.792863 13.049396 1.885352 8.523650 2.626006 7.503809 
4.257415 0.096577 8.277967 2.450473 7.133815 6.688743 6.648098 4.339849 7.716551 10.138644 4.812785 4.485451 3.752638 8.471143 14.764254 12.733418 
12.455566 3.875869 10.292998 9.875208 5.805845 9.318375 8.205572 4.429448 1.871629 8.998435 2.478844 3.756982 2.522085 5.104850 11.260791 6.779500 
5.201427 4.538757 9.229973 12.335241 11.227500 0.878071 1.675091 3.944051 11.016715 6.487875 8.429502 14.769353 14.959018 8.193756 12.502770 12.414584 
12.069625 7.795768 7.289792 2.875470 2.114143 0.495364 7.304918 3.985772 9.493799 9.783761 7.742754 12.015884 14.888611 4.003544 3.795384 5.090038 
8.542302 13.025357 2.425279 4.769801 13.903428 4.100370 8.713852 9.920143 10.588245 2.143354 9.689495 10.547263 10.337110 7.192266 7.961848 7.406735 
14.988033 0.251640 10.282204 2.102176 0.747004 2.587122 6.087949 10.240803 12.370883 13.830703 7.256688 12.259494 2.834247 11.052072 2.349532 11.376549 
9.077429 4.774811 1.146350 7.980857 8.875181 9.860202 2.901000 4.463427 12.003557 12.590496 0.010690 7.340667 4.782761 7.972538 14.747401 4.770795 
8.224178 10.029606 6.872971 8.971182 12.616728 12.960920 4.211985 9.987611 11.791623 11.468673 7.247105 14.625870 7.520745 9.596637 11.002419 1.598174 

RESULT: 
802.340578 911.144664 778.855206 695.646357 884.302266 753.794831 694.204701 888.571970 960.246492 859.961044 599.795776 722.706321 1040.916368 914.129686 820.356698 827.346128 
694.590703 891.467874 661.085409 686.201792 870.784234 605.989678 677.353627 696.115175 664.144642 717.121568 700.050594 723.593240 872.280438 702.049195 750.831945 753.501913 
1017.852611 1043.387304 801.744289 861.508736 887.954151 742.638562 879.701671 1042.444970 906.527588 1013.998720 791.628279 811.395183 1188.617656 946.128321 1034.562533 832.438841 
978.137886 1385.152955 1021.731057 1078.617425 1123.020889 949.083303 1164.662398 1195.202955 1068.512922 1199.693716 998.177898 1086.364457 1411.356227 1135.018319 1097.088844 1101.563669 
621.720249 1201.977041 904.909308 1057.933852 663.223835 719.496915 960.831382 1013.293175 899.461509 1002.554788 644.363652 834.537395 1109.177509 927.882994 1007.646808 899.612788 
930.282114 1215.386707 771.834866 976.786697 874.402016 832.711326 973.234204 1091.978523 944.809036 1057.200762 821.228988 827.824261 1353.108411 876.955633 921.188330 954.378431 
916.392992 1077.135770 888.530829 822.978150 946.937692 781.603643 900.292827 981.984107 926.480693 1002.137383 740.174479 750.816635 1148.082512 954.834185 1062.105610 853.498649 
831.362164 1007.774644 762.680858 716.903341 907.072678 823.818782 795.690447 912.061709 874.587210 887.539727 668.565302 731.013001 1117.066090 893.842039 863.035110 845.817994 
1054.677735 1101.728170 745.637442 932.920154 863.172889 726.225264 763.183550 1062.603895 866.386973 1017.061663 931.603832 783.025305 1117.157831 959.641645 1001.260639 735.748546 
743.609413 1044.438137 683.420210 781.840050 641.577463 755.200132 769.571058 848.136507 702.228269 775.865431 595.758338 656.752143 1010.513461 743.183965 973.351814 760.681262 
745.122090 1031.702652 685.525279 882.084161 827.292583 647.823162 627.092580 903.378699 754.407801 808.304876 718.630449 803.113449 860.873296 774.605617 914.688953 759.066856 
985.382667 1220.503485 859.726419 918.229057 817.925690 838.683648 1033.271021 952.599880 1023.303316 963.292350 874.689098 792.770572 1312.898169 1005.747342 982.360175 939.018733 
1031.823970 1258.166310 914.175741 983.334331 909.034270 859.921640 951.576213 1043.078489 1121.989105 967.342926 910.309429 828.854862 1322.115625 1081.504053 896.625385 985.310685 
783.524716 835.390162 546.924776 631.196186 633.694397 589.378580 628.979444 745.862224 640.602269 628.807508 626.434950 692.971955 804.607348 723.204257 823.868895 642.224176 
904.468884 1176.296578 838.836140 949.429086 844.125516 805.072276 744.468276 1142.158364 836.520772 1011.620109 925.952521 885.119891 1063.024207 987.618161 1093.371886 764.389851 
1062.952129 1210.028301 723.204783 906.391300 997.100618 851.931126 817.959344 979.383324 818.167228 895.735256 885.668177 829.954140 1162.802885 885.101827 1054.568908 896.796035 

Time elapsed: 0.000551 seconds
