------------------------------------------------------
 This job is allocated on 6 cpu(s)
Job is running on node(s): 
wn280.scope.unina.it
wn280.scope.unina.it
wn280.scope.unina.it
wn280.scope.unina.it
wn280.scope.unina.it
wn280.scope.unina.it
------------------------------------------------------
PBS: qsub is running on ui-studenti.scope.unina.it
PBS: originating queue is studenti
PBS: executing queue is studenti
PBS: working directory is /homes/DMA/PDC/2024/SLMFBL99X/Elaborato2
PBS: execution mode is PBS_BATCH
PBS: job identifier is 4017136.torque02.scope.unina.it
PBS: job name is progetto2
PBS: node file is /var/spool/pbs/aux//4017136.torque02.scope.unina.it
PBS: current home directory is /homes/DMA/PDC/2024/SLMFBL99X
PBS: PATH = /usr/lib64/openmpi/1.2.7-gcc/bin:/usr/kerberos/bin:/opt/exp_soft/unina.it/intel/composer_xe_2013_sp1.3.174/bin/intel64:/opt/exp_soft/unina.it/intel/composer_xe_2013_sp1.3.174/mpirt/bin/intel64:/opt/exp_soft/unina.it/intel/composer_xe_2013_sp1.3.174/bin/intel64:/opt/exp_soft/unina.it/intel/composer_xe_2013_sp1.3.174/bin/intel64_mic:/opt/exp_soft/unina.it/intel/composer_xe_2013_sp1.3.174/debugger/gui/intel64:/opt/d-cache/srm/bin:/opt/d-cache/dcap/bin:/opt/edg/bin:/opt/glite/bin:/opt/globus/bin:/opt/lcg/bin:/usr/local/bin:/bin:/usr/bin:/opt/exp_soft/HADOOP/hadoop-1.0.3/bin:/opt/exp_soft/unina.it/intel/composerxe/bin/intel64/:/opt/exp_soft/unina.it/MPJExpress/mpj-v0_38/bin:/homes/DMA/PDC/2024/SLMFBL99X/bin
------------------------------------------------------
Eseguo/usr/lib64/openmpi/1.4-gcc/bin/mpicc -o /homes/DMA/PDC/2024/SLMFBL99X/Elaborato2/progetto2 /homes/DMA/PDC/2024/SLMFBL99X/Elaborato2/progetto2.c
Eseguo:/usr/lib64/openmpi/1.4-gcc/bin/-machinefile /var/spool/pbs/aux//4017136.torque02.scope.unina.it -np 6 /homes/DMA/PDC/2024/SLMFBL99X/Elaborato2/progetto2

Il vettore risultante ha troppi elementi e per questo non verra' stampato


Tempo impiegato = 0.001349 sec

Il vettore risultante ha troppi elementi e per questo non verra' stampato


Il vettore risultante ha troppi elementi e per questo non verra' stampato

Il vettore risultante ha troppi elementi e per questo non verra' stampato

Il vettore risultante ha troppi elementi e per questo non verra' stampato

Il vettore risultante ha troppi elementi e per questo non verra' stampato

Tempo impiegato = 0.001351 sec
Tempo impiegato = 0.001360 sec

Tempo impiegato = 0.001354 sec

Tempo impiegato = 0.001362 sec
Tempo impiegato = 0.001363 sec
