[Job-Script] Starting with 4 CPUs...
[Job-Script] Compiling...
[Job-Script] Checking input the values...
[Job-Script] Running the process...
First random matrix:
1.201763 8.968368 12.733923 6.500828 13.158227 12.306095 14.613707 11.724189 13.431536 13.445640 1.996655 2.178361 12.057526 5.122724 5.883084 1.175991 
11.793787 7.671829 11.959123 4.519718 8.667982 3.262854 9.359288 0.486754 9.295194 4.594327 8.106272 0.869043 7.166494 4.138920 6.134276 8.368256 
13.107288 3.868199 14.869084 11.265515 1.174294 14.482791 7.989703 14.605830 12.928430 9.986358 1.784191 9.985956 0.109082 7.667275 11.161947 11.902869 
0.339104 8.121071 1.422587 9.007086 11.383925 10.781875 9.493840 5.679120 0.376202 2.600112 6.548163 7.542695 6.739032 12.682439 0.910952 4.846320 
1.550638 0.780036 1.111834 2.724932 0.262826 9.101538 2.330763 13.191257 4.087896 4.114954 8.177213 4.196977 11.782229 4.339160 1.099847 12.121333 
12.460231 2.522433 6.128419 8.844156 13.304308 0.622259 14.523276 13.680510 3.222371 6.071439 6.223206 9.961403 3.753878 7.134157 14.807723 5.304516 
7.914193 0.919558 8.029449 8.177019 10.021095 10.360211 6.368276 14.108991 14.475166 14.545489 3.305968 11.257395 3.884649 4.405815 8.378728 1.344881 
6.928248 14.507147 10.189037 5.232557 0.129407 9.712313 3.913067 3.351778 0.783752 10.136272 13.313181 4.537630 2.270430 13.120904 9.842146 10.184623 
14.040462 2.871595 3.361642 9.061557 13.231806 9.729918 8.170548 12.706972 9.275406 11.476516 8.964367 13.160056 0.882331 2.343096 14.504936 7.810579 
1.850243 9.693973 13.043136 1.979650 4.406286 1.956202 5.331427 5.190038 12.092475 3.644608 9.727668 14.362905 1.765512 4.569814 9.547527 0.805974 
7.441409 12.909169 9.867531 5.673215 7.639086 3.038078 3.380188 1.914493 14.514594 12.344555 0.074548 0.396924 14.687650 14.579485 8.207503 1.537893 
9.273458 6.250639 3.517543 13.679744 8.206841 8.848971 3.869782 5.299316 12.493579 13.597450 4.662221 14.259091 3.167265 14.209748 0.065065 10.608674 
12.118916 9.932596 1.281889 4.758003 12.970674 4.662077 6.672496 12.485268 2.006631 6.747044 12.882192 1.694282 6.326529 6.089696 3.232175 0.599987 
12.340334 6.749718 14.279731 5.547176 0.598689 3.149513 10.846492 13.092268 1.746963 0.508712 12.351359 4.914228 14.718460 12.416424 0.522902 11.837376 
7.349020 1.804791 1.595379 5.319693 6.466867 8.267875 2.804961 8.473499 0.014919 0.687153 10.167781 6.341448 6.776849 13.399956 6.941434 4.117183 
5.149674 6.221165 9.664359 5.748363 9.370678 5.510851 3.840631 11.117642 6.019563 1.191990 1.031870 5.738023 13.608414 1.554771 2.575399 5.957433 

Second random matrix:
3.359562 4.170779 11.277127 9.826429 12.438653 14.082088 3.299928 12.453572 14.769241 13.467709 3.795020 6.546090 11.867665 10.736454 10.663274 2.017339 
1.957619 5.327633 7.765702 11.328298 10.838483 11.606333 7.445940 1.858046 12.798323 8.477809 7.596069 11.406737 10.032581 10.171469 2.364170 13.392143 
14.342247 13.641296 8.218572 11.780901 12.723384 11.518500 9.234473 12.492625 9.986209 13.029493 4.038715 6.853874 8.765947 14.701989 8.871213 10.723567 
5.029621 1.636915 7.051864 0.868105 13.243248 14.497804 2.726151 11.041571 7.975613 10.322220 7.448307 3.008194 5.493689 9.812477 1.400337 4.835936 
8.453773 9.618909 1.616837 6.177158 6.137409 10.851310 3.669783 1.123618 8.880803 7.708498 7.977491 2.646750 7.410487 1.848704 13.370316 12.440108 
3.485619 5.422181 13.308213 1.728867 4.919985 1.034364 12.770438 12.895598 11.356584 5.218745 0.903793 1.850273 0.031222 2.304129 6.686208 8.484996 
11.923038 8.303045 14.662153 3.060447 4.154355 3.331936 4.184064 13.035158 11.040434 12.161556 0.681907 3.450921 14.010260 14.052224 0.891030 2.495879 
4.474404 14.199243 4.224746 9.394389 0.233607 1.995183 7.289988 11.590190 7.213928 8.193780 13.440463 7.245151 10.497909 5.126671 0.730146 7.420947 
13.429717 0.392300 10.481394 2.584071 3.724236 14.665458 0.619229 14.764670 11.827014 1.301136 3.215591 10.837274 0.353360 4.106621 13.333152 4.827764 
3.305863 2.557898 14.222153 3.539470 4.553081 6.512141 0.129660 11.767010 14.705921 13.570123 4.012160 10.203830 3.696795 4.742307 2.624778 2.126511 
5.134606 13.106171 4.710583 8.858842 12.771630 5.329812 8.623512 9.598644 6.630948 11.839103 5.435917 6.984307 0.945724 3.769070 11.812071 4.251587 
6.326968 11.034225 7.791057 10.880049 2.546366 7.920717 7.647059 2.252287 6.490840 11.659219 12.456117 10.187635 1.401526 0.080895 12.314146 6.536132 
13.187066 2.024728 0.394975 10.958696 7.354540 9.018487 5.557339 13.985488 5.857590 10.993257 5.969795 6.803314 14.762326 2.781867 11.054901 6.089294 
13.816091 3.845957 1.969343 1.362457 11.766674 9.616402 3.614744 3.257515 6.275621 1.070861 13.445149 7.677147 1.151756 10.759295 14.213280 14.338822 
12.784024 14.608254 10.297517 5.138564 8.626741 0.854857 4.124051 14.484331 11.848113 10.093847 6.287644 11.610440 12.875713 2.342545 2.699734 11.691805 
6.188502 4.669077 13.054262 2.955177 14.285479 1.669005 6.212691 5.561100 2.739866 4.657841 13.238247 3.891622 0.417136 12.451526 3.230443 13.201159 

RESULT: 
1070.186403 1107.856609 795.063947 751.296771 917.319497 787.738746 1141.445127 965.426929 814.636285 1064.001065 953.084078 957.607547 910.569200 892.217378 782.220932 929.162474 
1102.778696 1189.760680 862.638070 1024.794840 972.757194 1030.976880 1295.929640 1179.788050 927.812795 1273.516106 1233.648160 1006.629228 1163.820720 1068.649806 1032.058648 1139.607264 
951.004698 1079.811876 672.131684 775.190339 719.245072 817.404913 1047.468225 1001.013710 793.022026 1081.864234 918.610914 976.140848 889.208841 745.980753 760.847138 927.330361 
866.761792 1040.483668 566.122343 715.599516 752.537776 798.277134 1109.733770 795.432184 869.743374 784.787661 688.102214 856.343908 696.160753 868.435955 733.670625 926.178302 
1105.513343 1296.591744 955.593399 1018.625167 1106.575149 1020.722690 1371.205442 1147.375290 1048.091536 1155.476956 1151.033420 1108.307309 1136.084926 1252.002047 1046.574112 1186.419977 
1117.072745 1187.973459 963.300808 1063.485755 1134.160193 1187.520842 1437.793151 1084.745997 999.282318 1202.300231 1096.978987 1059.743690 1052.577623 1184.651381 1117.040055 1280.061511 
578.853207 615.475268 508.892004 592.715643 555.719823 544.936510 748.337709 567.232413 494.573304 664.711059 537.223877 549.013911 477.278378 660.121865 500.960265 637.863016 
892.921369 981.692377 671.309650 768.774957 918.436615 852.831473 1080.037359 802.821159 788.617302 877.612371 865.640954 762.603403 930.723859 968.091321 902.729170 927.506443 
925.268158 1099.596783 822.092873 888.745945 727.315388 706.865452 1021.185898 852.560720 709.956998 1023.930763 595.497556 880.027055 853.371036 1065.282247 676.547717 913.300429 
823.595240 913.763612 670.327492 836.697521 788.862548 993.616808 927.476374 964.204499 620.362690 998.373975 944.142034 812.845024 1040.818268 795.129768 858.525823 958.615800 
1075.888504 1177.858641 732.333098 830.982723 853.270168 972.050909 1219.690316 944.462406 917.043124 1082.746778 852.871150 1094.997525 763.725104 907.321824 798.226918 951.605983 
439.811995 543.602114 385.904501 500.126658 446.811818 499.706896 533.778876 516.849781 367.301704 566.005126 522.975766 455.471547 568.483815 488.345925 503.746126 581.177838 
1038.384622 1068.684562 701.201842 676.465628 904.964831 804.429197 1089.722179 916.955689 768.576125 908.902431 938.617561 863.431799 999.678133 858.119540 821.087506 933.137046 
808.542899 990.212846 752.673230 612.044652 625.039489 564.533620 892.343835 835.289725 580.911413 921.017966 707.267612 728.694975 930.024763 778.132530 678.049546 915.398004 
1136.913924 1269.739371 1014.632747 884.860970 1082.698041 942.333963 1255.834972 1171.794880 861.072500 1088.165192 1027.648059 1026.268269 1181.978805 1218.639439 912.625450 1205.715753 
801.254860 772.402260 576.470617 446.495730 706.377618 636.936850 768.177938 678.738209 494.282469 723.856663 554.299217 556.995662 746.653146 664.607741 524.224327 637.159614 

Time elapsed: 0.001396 seconds
