[Job-Script] Starting with 4 CPUs...
[Job-Script] Compiling...
[Job-Script] Checking input the values...
[Job-Script] Running the process...
First random matrix:
9.969508 0.742717 2.615118 14.391195 
2.554218 1.100187 11.785773 13.374776 
6.403115 2.563685 9.820499 6.987590 
14.451893 7.563583 11.276189 3.432065 

Second random matrix:
8.608346 4.281210 13.238526 9.324615 
1.750101 12.941609 10.799707 11.962269 
6.698501 6.288356 6.349417 5.871526 
6.364237 6.562946 13.860117 1.333744 

RESULT: 
172.859184 232.380459 307.557113 264.545772 
285.114703 209.491492 260.294251 271.134412 
213.673706 202.066338 297.586027 293.862800 
158.860258 168.873344 213.265220 207.589987 

Time elapsed: 0.000411 seconds
