[Job-Script] Starting with 4 CPUs...
[Job-Script] Compiling...
[Job-Script] Checking input the values...
[Job-Script] Running the process...
First random matrix:
4.536200 7.951953 6.191055 1.611588 11.111147 8.354174 8.424283 3.513853 
12.201231 1.158734 2.234020 5.787473 5.035648 10.489577 12.254187 9.524326 
7.826054 7.943036 6.572892 0.655027 13.233103 2.910258 11.627251 8.986095 
13.495765 5.321994 12.526292 8.613149 3.756156 11.427432 14.642379 8.292355 
4.379385 5.833435 9.903943 0.490532 14.187609 3.328226 4.004385 11.388839 
4.486960 6.238405 2.176313 9.522608 1.727982 14.430500 4.046933 9.554036 
7.373536 10.619825 10.209063 5.606639 13.530083 6.836314 14.592734 12.025848 
12.158308 12.119026 5.638997 0.914463 8.546458 5.281377 9.206819 12.925843 

Second random matrix:
11.114811 4.110762 13.416374 10.302420 7.438989 2.420759 6.691259 11.925949 
8.659164 8.867572 6.448557 10.387145 8.298072 10.495490 4.941181 0.671607 
6.115315 0.150244 6.278246 4.645398 6.986558 5.870980 1.671246 4.144865 
2.990005 7.310243 5.059329 11.536463 12.591620 14.266148 9.462306 8.706431 
3.376910 7.878680 4.008851 10.815899 10.299439 10.700110 7.741848 3.958603 
4.567682 14.190405 14.345748 12.865754 9.685895 4.286929 13.537361 0.801210 
4.437173 4.815608 5.446608 11.423731 10.686587 7.117854 0.568596 13.676593 
14.428097 5.627925 10.213056 12.019717 4.894072 4.675361 5.726148 8.270983 

RESULT: 
540.464101 377.173411 384.202853 372.470056 631.898820 367.010841 478.869888 461.843522 
527.837778 425.356807 335.747212 474.018573 746.283806 362.771636 553.196049 471.189385 
587.684639 503.383366 421.854481 457.061476 771.840237 368.181829 525.374283 486.442756 
528.476402 349.567606 416.116256 369.563310 603.861298 381.768677 418.896775 417.730752 
544.450627 381.635907 394.438205 483.204272 703.705962 419.275680 551.820358 537.431597 
515.316798 406.605846 404.636091 367.874985 638.819584 310.014721 391.936284 396.301080 
638.332945 458.972925 445.516880 482.915948 671.221755 370.952780 502.983856 505.515542 
689.722959 434.658711 423.572404 522.541887 761.086843 383.116145 602.031370 585.349838 

Time elapsed: 0.000768 seconds
