[Job-Script] Starting with 4 CPUs...
[Job-Script] Compiling...
[Job-Script] Checking input the values...
[Job-Script] Running the process...
First random matrix:
4.600264 1.987614 7.340825 6.030529 
1.845860 3.495804 2.045729 7.338730 
3.839132 7.826875 4.802072 11.117937 
1.067299 1.568579 11.843274 14.333341 

Second random matrix:
5.247630 7.997030 1.417227 9.066235 
8.510908 1.131804 0.892449 4.797790 
1.225266 9.904035 5.683645 3.425136 
11.536460 14.958371 11.823411 1.136723 

RESULT: 
36.894012 150.978243 155.174820 117.687102 
52.282391 231.154525 264.124804 121.749130 
25.410283 174.478249 155.183599 72.542399 
66.308638 257.319318 269.461109 189.847929 

Time elapsed: 0.000550 seconds
