[Job-Script] Starting with 1 CPUs...
[Job-Script] Compiling...
[Job-Script] Checking input the values...
[Job-Script] Running the process...
First random matrix:
5.333623 0.449068 2.863347 8.056999 1.813660 7.800051 13.470321 7.007643 
3.594209 0.582971 14.885710 9.657662 7.193632 0.598378 3.899497 12.925765 
14.430883 11.046774 12.054330 12.278309 12.336613 5.575101 6.004418 12.606756 
0.919320 3.638269 6.780604 13.101740 0.413396 10.910977 6.244181 5.747019 
11.360045 9.107528 13.804018 13.173705 1.907579 12.274338 5.181348 5.501788 
12.857310 5.067058 0.159450 5.050942 5.665436 4.058947 2.976707 5.096320 
0.105721 0.031036 2.374628 12.442334 5.606137 8.379046 10.049090 6.525457 
12.017315 1.829694 4.627197 12.430711 12.740671 10.871378 3.177730 9.100716 

Second random matrix:
4.978907 1.981748 7.274421 6.886486 14.256086 12.455769 12.388274 12.113396 
2.522827 12.547723 2.164338 8.188263 1.606671 5.141044 13.284583 1.712392 
5.172080 0.659211 14.154726 10.778217 9.038258 9.203816 2.303675 6.055573 
11.033510 6.930872 3.486284 8.774181 2.802251 6.664014 2.874897 7.781157 
8.645762 10.149319 14.667643 7.901848 7.605088 12.055917 5.015243 10.127915 
9.603640 7.179581 3.316178 11.210311 12.320625 1.600761 12.922703 2.492705 
2.259973 12.077428 13.270923 11.298230 6.281244 0.574597 2.353803 2.314754 
7.505469 5.840087 11.088935 10.307720 12.504102 13.963832 3.088877 6.149863 

RESULT: 
312.735186 311.451687 270.657183 302.531386 244.458971 296.037686 355.946125 277.135004 
528.073207 664.790105 530.313737 646.097179 364.619151 607.975647 650.994714 604.800381 
358.317086 432.563632 242.870248 442.931011 227.935663 564.482155 522.027812 414.862201 
373.642095 354.183110 262.835688 259.034379 331.033943 413.633542 444.296404 311.212426 
685.069909 621.389381 512.180740 665.114431 491.657285 645.493621 770.787723 653.697247 
523.411028 540.713061 397.289726 520.957861 360.396203 607.311268 588.873069 514.821337 
407.033719 457.462484 339.150934 462.497442 230.711774 441.028361 476.344937 450.761330 
373.060183 384.375463 239.886103 346.266547 136.839243 319.813672 348.641843 354.869002 

Time elapsed: 0.000146 seconds
